f:\renderpipeline\renderpipeline\renderpipeline\x64\debug\renderpipeline.pch
f:\renderpipeline\renderpipeline\renderpipeline\x64\debug\vc141.pdb
f:\renderpipeline\renderpipeline\renderpipeline\x64\debug\vc141.idb
f:\renderpipeline\renderpipeline\renderpipeline\x64\debug\stdafx.obj
f:\renderpipeline\renderpipeline\renderpipeline\x64\debug\glad.obj
f:\renderpipeline\renderpipeline\renderpipeline\x64\debug\renderpipeline.obj
f:\renderpipeline\renderpipeline\renderpipeline\x64\debug\framebuffer.obj
f:\srl\renderpipeline\renderpipeline\renderpipeline\x64\debug\renderpipeline.pch
f:\srl\renderpipeline\renderpipeline\renderpipeline\x64\debug\vc141.pdb
f:\srl\renderpipeline\renderpipeline\renderpipeline\x64\debug\vc141.idb
f:\srl\renderpipeline\renderpipeline\renderpipeline\x64\debug\stdafx.obj
f:\srl\renderpipeline\renderpipeline\renderpipeline\x64\debug\glad.obj
f:\srl\renderpipeline\renderpipeline\renderpipeline\x64\debug\framebuffer.obj
f:\srl\renderpipeline\renderpipeline\renderpipeline\x64\debug\renderpipeline.obj
f:\renderpipeline\renderpipeline\x64\debug\renderpipeline.exe
f:\renderpipeline\renderpipeline\x64\debug\renderpipeline.ilk
f:\renderpipeline\renderpipeline\x64\debug\renderpipeline.pdb
f:\srl\renderpipeline\renderpipeline\renderpipeline\x64\debug\renderpipeline.tlog\cl.command.1.tlog
f:\srl\renderpipeline\renderpipeline\renderpipeline\x64\debug\renderpipeline.tlog\cl.read.1.tlog
f:\srl\renderpipeline\renderpipeline\renderpipeline\x64\debug\renderpipeline.tlog\cl.write.1.tlog
f:\srl\renderpipeline\renderpipeline\renderpipeline\x64\debug\renderpipeline.tlog\link.command.1.tlog
f:\srl\renderpipeline\renderpipeline\renderpipeline\x64\debug\renderpipeline.tlog\link.read.1.tlog
f:\srl\renderpipeline\renderpipeline\renderpipeline\x64\debug\renderpipeline.tlog\link.write.1.tlog
